<html>
<head>
<title>TestNG:  Test</title>
<link href="../testng.css" rel="stylesheet" type="text/css" />
<link href="../my-testng.css" rel="stylesheet" type="text/css" />

<style type="text/css">
.log { display: none;} 
.stack-trace { display: none;} 
</style>
<script type="text/javascript">
<!--
function flip(e) {
  current = e.style.display;
  if (current == 'block') {
    e.style.display = 'none';
    return 0;
  }
  else {
    e.style.display = 'block';
    return 1;
  }
}

function toggleBox(szDivId, elem, msg1, msg2)
{
  var res = -1;  if (document.getElementById) {
    res = flip(document.getElementById(szDivId));
  }
  else if (document.all) {
    // this is the way old msie versions work
    res = flip(document.all[szDivId]);
  }
  if(elem) {
    if(res == 0) elem.innerHTML = msg1; else elem.innerHTML = msg2;
  }

}

function toggleAllBoxes() {
  if (document.getElementsByTagName) {
    d = document.getElementsByTagName('div');
    for (i = 0; i < d.length; i++) {
      if (d[i].className == 'log') {
        flip(d[i]);
      }
    }
  }
}

// -->
</script>

</head>
<body>
<h2 align='center'>Test</h2><table border='1' align="center">
<tr>
<td>Tests passed/Failed/Skipped:</td><td>11/10/0</td>
</tr><tr>
<td>Started on:</td><td>Fri Oct 08 17:49:39 IST 2021</td>
</tr>
<tr><td>Total time:</td><td>304 seconds (304602 ms)</td>
</tr><tr>
<td>Included groups:</td><td></td>
</tr><tr>
<td>Excluded groups:</td><td></td>
</tr>
</table><p/>
<small><i>(Hover the method name to see the test class name)</i></small><p/>
<table width='100%' border='1' class='invocation-failed'>
<tr><td colspan='4' align='center'><b>FAILED TESTS</b></td></tr>
<tr><td><b>Test method</b></td>
<td width="30%"><b>Exception</b></td>
<td width="10%"><b>Time (seconds)</b></td>
<td><b>Instance</b></td>
</tr>
<tr>
<td title='MyRunner.MyRunner.runScenario()'><b>runScenario</b><br>Test class: MyRunner.MyRunner<br>Test method: Runs Cucumber Scenarios<br>Parameters: "Test Buy Function with invalid data", "Optional[DemoBlaze Buy Function]"</td>
<td><div><pre>java.lang.AssertionError: expected [false] but found [true]
	at StepDefinition.BuyStepDef.bvalidate_unsuccessful_purchase(BuyStepDef.java:85)
	at ?.b-validate unsuccessful purchase(file:///C:/Users/admin/IdeaProjects/DemoBlaze/src/test/java/Feature/Buy.feature:25)
... Removed 4 stack frames</pre></div><a href='#' onClick='toggleBox("stack-trace1935751909", this, "Click to show all stack frames", "Click to hide stack frames")'>Click to show all stack frames</a>
<div class='stack-trace' id='stack-trace1935751909'><pre>java.lang.AssertionError: expected [false] but found [true]
	at org.testng.Assert.fail(Assert.java:99)
	at org.testng.Assert.failNotEquals(Assert.java:1037)
	at org.testng.Assert.assertFalse(Assert.java:67)
	at org.testng.Assert.assertFalse(Assert.java:77)
	at StepDefinition.BuyStepDef.bvalidate_unsuccessful_purchase(BuyStepDef.java:85)
	at ?.b-validate unsuccessful purchase(file:///C:/Users/admin/IdeaProjects/DemoBlaze/src/test/java/Feature/Buy.feature:25)
</pre></div></td>
<td>7</td>
<td>MyRunner.MyRunner@7880cdf3</td></tr>
<tr>
<td title='MyRunner.MyRunner.runScenario()'><b>runScenario</b><br>Test class: MyRunner.MyRunner<br>Test method: Runs Cucumber Scenarios<br>Parameters: "Test Buy Function with invalid data", "Optional[DemoBlaze Buy Function]"</td>
<td><div><pre>java.lang.AssertionError: expected [false] but found [true]
	at StepDefinition.BuyStepDef.bvalidate_unsuccessful_purchase(BuyStepDef.java:85)
	at ?.b-validate unsuccessful purchase(file:///C:/Users/admin/IdeaProjects/DemoBlaze/src/test/java/Feature/Buy.feature:25)
... Removed 4 stack frames</pre></div><a href='#' onClick='toggleBox("stack-trace508864177", this, "Click to show all stack frames", "Click to hide stack frames")'>Click to show all stack frames</a>
<div class='stack-trace' id='stack-trace508864177'><pre>java.lang.AssertionError: expected [false] but found [true]
	at org.testng.Assert.fail(Assert.java:99)
	at org.testng.Assert.failNotEquals(Assert.java:1037)
	at org.testng.Assert.assertFalse(Assert.java:67)
	at org.testng.Assert.assertFalse(Assert.java:77)
	at StepDefinition.BuyStepDef.bvalidate_unsuccessful_purchase(BuyStepDef.java:85)
	at ?.b-validate unsuccessful purchase(file:///C:/Users/admin/IdeaProjects/DemoBlaze/src/test/java/Feature/Buy.feature:25)
</pre></div></td>
<td>7</td>
<td>MyRunner.MyRunner@7880cdf3</td></tr>
<tr>
<td title='MyRunner.MyRunner.runScenario()'><b>runScenario</b><br>Test class: MyRunner.MyRunner<br>Test method: Runs Cucumber Scenarios<br>Parameters: "Test Buy Function with invalid data", "Optional[DemoBlaze Buy Function]"</td>
<td><div><pre>java.lang.AssertionError: expected [false] but found [true]
	at StepDefinition.BuyStepDef.bvalidate_unsuccessful_purchase(BuyStepDef.java:85)
	at ?.b-validate unsuccessful purchase(file:///C:/Users/admin/IdeaProjects/DemoBlaze/src/test/java/Feature/Buy.feature:25)
... Removed 4 stack frames</pre></div><a href='#' onClick='toggleBox("stack-trace923366543", this, "Click to show all stack frames", "Click to hide stack frames")'>Click to show all stack frames</a>
<div class='stack-trace' id='stack-trace923366543'><pre>java.lang.AssertionError: expected [false] but found [true]
	at org.testng.Assert.fail(Assert.java:99)
	at org.testng.Assert.failNotEquals(Assert.java:1037)
	at org.testng.Assert.assertFalse(Assert.java:67)
	at org.testng.Assert.assertFalse(Assert.java:77)
	at StepDefinition.BuyStepDef.bvalidate_unsuccessful_purchase(BuyStepDef.java:85)
	at ?.b-validate unsuccessful purchase(file:///C:/Users/admin/IdeaProjects/DemoBlaze/src/test/java/Feature/Buy.feature:25)
</pre></div></td>
<td>22</td>
<td>MyRunner.MyRunner@7880cdf3</td></tr>
<tr>
<td title='MyRunner.MyRunner.runScenario()'><b>runScenario</b><br>Test class: MyRunner.MyRunner<br>Test method: Runs Cucumber Scenarios<br>Parameters: "Test Login Functionality", "Optional[DemoBlaze Login Functionality]"</td>
<td><div><pre>org.openqa.selenium.WebDriverException: unknown error: unhandled inspector error: {&quot;code&quot;:-32000,&quot;message&quot;:&quot;No target with given id&quot;}
  (Session info: chrome=94.0.4606.71)
Build info: version: &apos;3.141.59&apos;, revision: &apos;e82be7d358&apos;, time: &apos;2018-11-14T08:17:03&apos;
System info: host: &apos;DESKTOP-61Q59I9&apos;, ip: &apos;192.168.1.105&apos;, os.name: &apos;Windows 10&apos;, os.arch: &apos;amd64&apos;, os.version: &apos;10.0&apos;, java.version: &apos;17&apos;
Driver info: org.openqa.selenium.chrome.ChromeDriver
Capabilities {acceptInsecureCerts: false, browserName: chrome, browserVersion: 94.0.4606.71, chrome: {chromedriverVersion: 94.0.4606.61 (418b78f5838ed..., userDataDir: C:\Users\admin\AppData\Loca...}, goog:chromeOptions: {debuggerAddress: localhost:55936}, javascriptEnabled: true, networkConnectionEnabled: false, pageLoadStrategy: normal, platform: WINDOWS, platformName: WINDOWS, proxy: Proxy(), setWindowRect: true, strictFileInteractability: false, timeouts: {implicit: 0, pageLoad: 300000, script: 30000}, unhandledPromptBehavior: dismiss and notify, webauthn:extension:credBlob: true, webauthn:extension:largeBlob: true, webauthn:virtualAuthenticators: true}
Session ID: 720825fd023bc97847796399cfa6c288
	at org.openqa.selenium.remote.http.W3CHttpResponseCodec.createException(W3CHttpResponseCodec.java:187)
	at org.openqa.selenium.remote.http.W3CHttpResponseCodec.decode(W3CHttpResponseCodec.java:122)
	at org.openqa.selenium.remote.http.W3CHttpResponseCodec.decode(W3CHttpResponseCodec.java:49)
	at org.openqa.selenium.remote.HttpCommandExecutor.execute(HttpCommandExecutor.java:158)
	at org.openqa.selenium.remote.service.DriverCommandExecutor.execute(DriverCommandExecutor.java:83)
	at org.openqa.selenium.remote.RemoteWebDriver.execute(RemoteWebDriver.java:552)
	at org.openqa.selenium.remote.RemoteWebDriver.execute(RemoteWebDriver.java:609)
	at org.openqa.selenium.remote.RemoteWebDriver$RemoteWebDriverOptions$RemoteWindow.maximize(RemoteWebDriver.java:837)
	at com.page.LoginPage.loginPage(LoginPage.java:34)
	at StepDefinition.LoginStepDef.luser_is_on_login_page(LoginStepDef.java:34)
	at ?.l-User is on Login Page(file:///C:/Users/admin/IdeaProjects/DemoBlaze/src/test/java/Feature/Login.feature:9)
... Removed 5 stack frames</pre></div><a href='#' onClick='toggleBox("stack-trace188729048", this, "Click to show all stack frames", "Click to hide stack frames")'>Click to show all stack frames</a>
<div class='stack-trace' id='stack-trace188729048'><pre>org.openqa.selenium.WebDriverException: unknown error: unhandled inspector error: {&quot;code&quot;:-32000,&quot;message&quot;:&quot;No target with given id&quot;}
  (Session info: chrome=94.0.4606.71)
Build info: version: &apos;3.141.59&apos;, revision: &apos;e82be7d358&apos;, time: &apos;2018-11-14T08:17:03&apos;
System info: host: &apos;DESKTOP-61Q59I9&apos;, ip: &apos;192.168.1.105&apos;, os.name: &apos;Windows 10&apos;, os.arch: &apos;amd64&apos;, os.version: &apos;10.0&apos;, java.version: &apos;17&apos;
Driver info: org.openqa.selenium.chrome.ChromeDriver
Capabilities {acceptInsecureCerts: false, browserName: chrome, browserVersion: 94.0.4606.71, chrome: {chromedriverVersion: 94.0.4606.61 (418b78f5838ed..., userDataDir: C:\Users\admin\AppData\Loca...}, goog:chromeOptions: {debuggerAddress: localhost:55936}, javascriptEnabled: true, networkConnectionEnabled: false, pageLoadStrategy: normal, platform: WINDOWS, platformName: WINDOWS, proxy: Proxy(), setWindowRect: true, strictFileInteractability: false, timeouts: {implicit: 0, pageLoad: 300000, script: 30000}, unhandledPromptBehavior: dismiss and notify, webauthn:extension:credBlob: true, webauthn:extension:largeBlob: true, webauthn:virtualAuthenticators: true}
Session ID: 720825fd023bc97847796399cfa6c288
	at java.base/jdk.internal.reflect.NativeConstructorAccessorImpl.newInstance0(Native Method)
	at java.base/jdk.internal.reflect.NativeConstructorAccessorImpl.newInstance(NativeConstructorAccessorImpl.java:77)
	at java.base/jdk.internal.reflect.DelegatingConstructorAccessorImpl.newInstance(DelegatingConstructorAccessorImpl.java:45)
	at java.base/java.lang.reflect.Constructor.newInstanceWithCaller(Constructor.java:499)
	at java.base/java.lang.reflect.Constructor.newInstance(Constructor.java:480)
	at org.openqa.selenium.remote.http.W3CHttpResponseCodec.createException(W3CHttpResponseCodec.java:187)
	at org.openqa.selenium.remote.http.W3CHttpResponseCodec.decode(W3CHttpResponseCodec.java:122)
	at org.openqa.selenium.remote.http.W3CHttpResponseCodec.decode(W3CHttpResponseCodec.java:49)
	at org.openqa.selenium.remote.HttpCommandExecutor.execute(HttpCommandExecutor.java:158)
	at org.openqa.selenium.remote.service.DriverCommandExecutor.execute(DriverCommandExecutor.java:83)
	at org.openqa.selenium.remote.RemoteWebDriver.execute(RemoteWebDriver.java:552)
	at org.openqa.selenium.remote.RemoteWebDriver.execute(RemoteWebDriver.java:609)
	at org.openqa.selenium.remote.RemoteWebDriver$RemoteWebDriverOptions$RemoteWindow.maximize(RemoteWebDriver.java:837)
	at com.page.LoginPage.loginPage(LoginPage.java:34)
	at StepDefinition.LoginStepDef.luser_is_on_login_page(LoginStepDef.java:34)
	at ?.l-User is on Login Page(file:///C:/Users/admin/IdeaProjects/DemoBlaze/src/test/java/Feature/Login.feature:9)
</pre></div></td>
<td>33</td>
<td>MyRunner.MyRunner@7880cdf3</td></tr>
<tr>
<td title='MyRunner.MyRunner.runScenario()'><b>runScenario</b><br>Test class: MyRunner.MyRunner<br>Test method: Runs Cucumber Scenarios<br>Parameters: "Test Buy PopUp Window", "Optional[DemoBlaze Buy Function]"</td>
<td><div><pre>java.lang.AssertionError: expected [Place order] but found [Place order
×]
	at StepDefinition.BuyStepDef.buser_gets_popup_for_details(BuyStepDef.java:33)
	at ?.b-User Gets Popup For Details(file:///C:/Users/admin/IdeaProjects/DemoBlaze/src/test/java/Feature/Buy.feature:8)
... Removed 6 stack frames</pre></div><a href='#' onClick='toggleBox("stack-trace224473864", this, "Click to show all stack frames", "Click to hide stack frames")'>Click to show all stack frames</a>
<div class='stack-trace' id='stack-trace224473864'><pre>java.lang.AssertionError: expected [Place order] but found [Place order
×]
	at org.testng.Assert.fail(Assert.java:99)
	at org.testng.Assert.failNotEquals(Assert.java:1037)
	at org.testng.Assert.assertEqualsImpl(Assert.java:140)
	at org.testng.Assert.assertEquals(Assert.java:122)
	at org.testng.Assert.assertEquals(Assert.java:629)
	at org.testng.Assert.assertEquals(Assert.java:639)
	at StepDefinition.BuyStepDef.buser_gets_popup_for_details(BuyStepDef.java:33)
	at ?.b-User Gets Popup For Details(file:///C:/Users/admin/IdeaProjects/DemoBlaze/src/test/java/Feature/Buy.feature:8)
</pre></div></td>
<td>14</td>
<td>MyRunner.MyRunner@7880cdf3</td></tr>
<tr>
<td title='MyRunner.MyRunner.runScenario()'><b>runScenario</b><br>Test class: MyRunner.MyRunner<br>Test method: Runs Cucumber Scenarios<br>Parameters: "Test online Payment Function", "Optional[DemoBlaze Buy Function]"</td>
<td><div><pre>io.cucumber.testng.UndefinedStepException: The step &apos;b-Validate successful purchase&apos; is undefined.
You can implement this step using the snippet(s) below:

@Then(&quot;b-Validate successful purchase&quot;)
public void b_validate_successful_purchase() {
    // Write code here that turns the phrase above into concrete actions
    throw new io.cucumber.java.PendingException();
}

	at io.cucumber.core.runtime.TestCaseResultObserver.assertTestCasePassed(TestCaseResultObserver.java:69)
	at io.cucumber.testng.TestCaseResultObserver.assertTestCasePassed(TestCaseResultObserver.java:23)
	at io.cucumber.testng.TestNGCucumberRunner.lambda$runScenario$1(TestNGCucumberRunner.java:135)
	at io.cucumber.core.runtime.CucumberExecutionContext.runTestCase(CucumberExecutionContext.java:117)
	at io.cucumber.testng.TestNGCucumberRunner.runScenario(TestNGCucumberRunner.java:131)
	at io.cucumber.testng.AbstractTestNGCucumberTests.runScenario(AbstractTestNGCucumberTests.java:31)
	at java.base/java.util.ArrayList.forEach(ArrayList.java:1511)
... Removed 31 stack frames</pre></div><a href='#' onClick='toggleBox("stack-trace295372946", this, "Click to show all stack frames", "Click to hide stack frames")'>Click to show all stack frames</a>
<div class='stack-trace' id='stack-trace295372946'><pre>io.cucumber.testng.UndefinedStepException: The step &apos;b-Validate successful purchase&apos; is undefined.
You can implement this step using the snippet(s) below:

@Then(&quot;b-Validate successful purchase&quot;)
public void b_validate_successful_purchase() {
    // Write code here that turns the phrase above into concrete actions
    throw new io.cucumber.java.PendingException();
}

	at io.cucumber.core.runtime.TestCaseResultObserver.assertTestCasePassed(TestCaseResultObserver.java:69)
	at io.cucumber.testng.TestCaseResultObserver.assertTestCasePassed(TestCaseResultObserver.java:23)
	at io.cucumber.testng.TestNGCucumberRunner.lambda$runScenario$1(TestNGCucumberRunner.java:135)
	at io.cucumber.core.runtime.CucumberExecutionContext.runTestCase(CucumberExecutionContext.java:117)
	at io.cucumber.testng.TestNGCucumberRunner.runScenario(TestNGCucumberRunner.java:131)
	at io.cucumber.testng.AbstractTestNGCucumberTests.runScenario(AbstractTestNGCucumberTests.java:31)
	at java.base/jdk.internal.reflect.NativeMethodAccessorImpl.invoke0(Native Method)
	at java.base/jdk.internal.reflect.NativeMethodAccessorImpl.invoke(NativeMethodAccessorImpl.java:77)
	at java.base/jdk.internal.reflect.DelegatingMethodAccessorImpl.invoke(DelegatingMethodAccessorImpl.java:43)
	at java.base/java.lang.reflect.Method.invoke(Method.java:568)
	at org.testng.internal.MethodInvocationHelper.invokeMethod(MethodInvocationHelper.java:133)
	at org.testng.internal.TestInvoker.invokeMethod(TestInvoker.java:598)
	at org.testng.internal.TestInvoker.invokeTestMethod(TestInvoker.java:173)
	at org.testng.internal.MethodRunner.runInSequence(MethodRunner.java:46)
	at org.testng.internal.TestInvoker$MethodInvocationAgent.invoke(TestInvoker.java:824)
	at org.testng.internal.TestInvoker.invokeTestMethods(TestInvoker.java:146)
	at org.testng.internal.TestMethodWorker.invokeTestMethods(TestMethodWorker.java:146)
	at org.testng.internal.TestMethodWorker.run(TestMethodWorker.java:128)
	at java.base/java.util.ArrayList.forEach(ArrayList.java:1511)
	at org.testng.TestRunner.privateRun(TestRunner.java:794)
	at org.testng.TestRunner.run(TestRunner.java:596)
	at org.testng.SuiteRunner.runTest(SuiteRunner.java:377)
	at org.testng.SuiteRunner.runSequentially(SuiteRunner.java:371)
	at org.testng.SuiteRunner.privateRun(SuiteRunner.java:332)
	at org.testng.SuiteRunner.run(SuiteRunner.java:276)
	at org.testng.SuiteRunnerWorker.runSuite(SuiteRunnerWorker.java:53)
	at org.testng.SuiteRunnerWorker.run(SuiteRunnerWorker.java:96)
	at org.testng.TestNG.runSuitesSequentially(TestNG.java:1212)
	at org.testng.TestNG.runSuitesLocally(TestNG.java:1134)
	at org.testng.TestNG.runSuites(TestNG.java:1063)
	at org.testng.TestNG.run(TestNG.java:1031)
	at org.apache.maven.surefire.testng.TestNGExecutor.run(TestNGExecutor.java:284)
	at org.apache.maven.surefire.testng.TestNGXmlTestSuite.execute(TestNGXmlTestSuite.java:75)
	at org.apache.maven.surefire.testng.TestNGProvider.invoke(TestNGProvider.java:119)
	at org.apache.maven.surefire.booter.ForkedBooter.runSuitesInProcess(ForkedBooter.java:428)
	at org.apache.maven.surefire.booter.ForkedBooter.execute(ForkedBooter.java:162)
	at org.apache.maven.surefire.booter.ForkedBooter.run(ForkedBooter.java:562)
	at org.apache.maven.surefire.booter.ForkedBooter.main(ForkedBooter.java:548)
</pre></div></td>
<td>7</td>
<td>MyRunner.MyRunner@7880cdf3</td></tr>
<tr>
<td title='MyRunner.MyRunner.runScenario()'><b>runScenario</b><br>Test class: MyRunner.MyRunner<br>Test method: Runs Cucumber Scenarios<br>Parameters: "Test online Payment Function", "Optional[DemoBlaze Buy Function]"</td>
<td><div><pre>io.cucumber.testng.UndefinedStepException: The step &apos;b-Validate successful purchase&apos; is undefined.
You can implement this step using the snippet(s) below:

@Then(&quot;b-Validate successful purchase&quot;)
public void b_validate_successful_purchase() {
    // Write code here that turns the phrase above into concrete actions
    throw new io.cucumber.java.PendingException();
}

	at io.cucumber.core.runtime.TestCaseResultObserver.assertTestCasePassed(TestCaseResultObserver.java:69)
	at io.cucumber.testng.TestCaseResultObserver.assertTestCasePassed(TestCaseResultObserver.java:23)
	at io.cucumber.testng.TestNGCucumberRunner.lambda$runScenario$1(TestNGCucumberRunner.java:135)
	at io.cucumber.core.runtime.CucumberExecutionContext.runTestCase(CucumberExecutionContext.java:117)
	at io.cucumber.testng.TestNGCucumberRunner.runScenario(TestNGCucumberRunner.java:131)
	at io.cucumber.testng.AbstractTestNGCucumberTests.runScenario(AbstractTestNGCucumberTests.java:31)
	at java.base/java.util.ArrayList.forEach(ArrayList.java:1511)
... Removed 31 stack frames</pre></div><a href='#' onClick='toggleBox("stack-trace1016881733", this, "Click to show all stack frames", "Click to hide stack frames")'>Click to show all stack frames</a>
<div class='stack-trace' id='stack-trace1016881733'><pre>io.cucumber.testng.UndefinedStepException: The step &apos;b-Validate successful purchase&apos; is undefined.
You can implement this step using the snippet(s) below:

@Then(&quot;b-Validate successful purchase&quot;)
public void b_validate_successful_purchase() {
    // Write code here that turns the phrase above into concrete actions
    throw new io.cucumber.java.PendingException();
}

	at io.cucumber.core.runtime.TestCaseResultObserver.assertTestCasePassed(TestCaseResultObserver.java:69)
	at io.cucumber.testng.TestCaseResultObserver.assertTestCasePassed(TestCaseResultObserver.java:23)
	at io.cucumber.testng.TestNGCucumberRunner.lambda$runScenario$1(TestNGCucumberRunner.java:135)
	at io.cucumber.core.runtime.CucumberExecutionContext.runTestCase(CucumberExecutionContext.java:117)
	at io.cucumber.testng.TestNGCucumberRunner.runScenario(TestNGCucumberRunner.java:131)
	at io.cucumber.testng.AbstractTestNGCucumberTests.runScenario(AbstractTestNGCucumberTests.java:31)
	at java.base/jdk.internal.reflect.NativeMethodAccessorImpl.invoke0(Native Method)
	at java.base/jdk.internal.reflect.NativeMethodAccessorImpl.invoke(NativeMethodAccessorImpl.java:77)
	at java.base/jdk.internal.reflect.DelegatingMethodAccessorImpl.invoke(DelegatingMethodAccessorImpl.java:43)
	at java.base/java.lang.reflect.Method.invoke(Method.java:568)
	at org.testng.internal.MethodInvocationHelper.invokeMethod(MethodInvocationHelper.java:133)
	at org.testng.internal.TestInvoker.invokeMethod(TestInvoker.java:598)
	at org.testng.internal.TestInvoker.invokeTestMethod(TestInvoker.java:173)
	at org.testng.internal.MethodRunner.runInSequence(MethodRunner.java:46)
	at org.testng.internal.TestInvoker$MethodInvocationAgent.invoke(TestInvoker.java:824)
	at org.testng.internal.TestInvoker.invokeTestMethods(TestInvoker.java:146)
	at org.testng.internal.TestMethodWorker.invokeTestMethods(TestMethodWorker.java:146)
	at org.testng.internal.TestMethodWorker.run(TestMethodWorker.java:128)
	at java.base/java.util.ArrayList.forEach(ArrayList.java:1511)
	at org.testng.TestRunner.privateRun(TestRunner.java:794)
	at org.testng.TestRunner.run(TestRunner.java:596)
	at org.testng.SuiteRunner.runTest(SuiteRunner.java:377)
	at org.testng.SuiteRunner.runSequentially(SuiteRunner.java:371)
	at org.testng.SuiteRunner.privateRun(SuiteRunner.java:332)
	at org.testng.SuiteRunner.run(SuiteRunner.java:276)
	at org.testng.SuiteRunnerWorker.runSuite(SuiteRunnerWorker.java:53)
	at org.testng.SuiteRunnerWorker.run(SuiteRunnerWorker.java:96)
	at org.testng.TestNG.runSuitesSequentially(TestNG.java:1212)
	at org.testng.TestNG.runSuitesLocally(TestNG.java:1134)
	at org.testng.TestNG.runSuites(TestNG.java:1063)
	at org.testng.TestNG.run(TestNG.java:1031)
	at org.apache.maven.surefire.testng.TestNGExecutor.run(TestNGExecutor.java:284)
	at org.apache.maven.surefire.testng.TestNGXmlTestSuite.execute(TestNGXmlTestSuite.java:75)
	at org.apache.maven.surefire.testng.TestNGProvider.invoke(TestNGProvider.java:119)
	at org.apache.maven.surefire.booter.ForkedBooter.runSuitesInProcess(ForkedBooter.java:428)
	at org.apache.maven.surefire.booter.ForkedBooter.execute(ForkedBooter.java:162)
	at org.apache.maven.surefire.booter.ForkedBooter.run(ForkedBooter.java:562)
	at org.apache.maven.surefire.booter.ForkedBooter.main(ForkedBooter.java:548)
</pre></div></td>
<td>7</td>
<td>MyRunner.MyRunner@7880cdf3</td></tr>
<tr>
<td title='MyRunner.MyRunner.runScenario()'><b>runScenario</b><br>Test class: MyRunner.MyRunner<br>Test method: Runs Cucumber Scenarios<br>Parameters: "Test Buy Function with invalid data", "Optional[DemoBlaze Buy Function]"</td>
<td><div><pre>org.openqa.selenium.TimeoutException: Expected condition failed: waiting for visibility of element located by By.xpath: //div[@id=&apos;orderModal&apos;]/div/div (tried for 10 second(s) with 500 milliseconds interval)
Build info: version: &apos;3.141.59&apos;, revision: &apos;e82be7d358&apos;, time: &apos;2018-11-14T08:17:03&apos;
System info: host: &apos;DESKTOP-61Q59I9&apos;, ip: &apos;192.168.1.105&apos;, os.name: &apos;Windows 10&apos;, os.arch: &apos;amd64&apos;, os.version: &apos;10.0&apos;, java.version: &apos;17&apos;
Driver info: org.openqa.selenium.chrome.ChromeDriver
Capabilities {acceptInsecureCerts: false, browserName: chrome, browserVersion: 94.0.4606.71, chrome: {chromedriverVersion: 94.0.4606.61 (418b78f5838ed..., userDataDir: C:\Users\admin\AppData\Loca...}, goog:chromeOptions: {debuggerAddress: localhost:52349}, javascriptEnabled: true, networkConnectionEnabled: false, pageLoadStrategy: normal, platform: WINDOWS, platformName: WINDOWS, proxy: Proxy(), setWindowRect: true, strictFileInteractability: false, timeouts: {implicit: 0, pageLoad: 300000, script: 30000}, unhandledPromptBehavior: dismiss and notify, webauthn:extension:credBlob: true, webauthn:extension:largeBlob: true, webauthn:virtualAuthenticators: true}
Session ID: 9bab737d6ecdb881fd7129aa7b7856b2
	at org.openqa.selenium.support.ui.WebDriverWait.timeoutException(WebDriverWait.java:95)
	at org.openqa.selenium.support.ui.FluentWait.until(FluentWait.java:272)
	at StepDefinition.BuyStepDef.buser_enters(BuyStepDef.java:49)
	at ?.b-User Enters Rishab India Mumbai 123456789 April -122(file:///C:/Users/admin/IdeaProjects/DemoBlaze/src/test/java/Feature/Buy.feature:23)
</pre></div><a href='#' onClick='toggleBox("stack-trace1022713356", this, "Click to show all stack frames", "Click to hide stack frames")'>Click to show all stack frames</a>
<div class='stack-trace' id='stack-trace1022713356'><pre>org.openqa.selenium.TimeoutException: Expected condition failed: waiting for visibility of element located by By.xpath: //div[@id=&apos;orderModal&apos;]/div/div (tried for 10 second(s) with 500 milliseconds interval)
Build info: version: &apos;3.141.59&apos;, revision: &apos;e82be7d358&apos;, time: &apos;2018-11-14T08:17:03&apos;
System info: host: &apos;DESKTOP-61Q59I9&apos;, ip: &apos;192.168.1.105&apos;, os.name: &apos;Windows 10&apos;, os.arch: &apos;amd64&apos;, os.version: &apos;10.0&apos;, java.version: &apos;17&apos;
Driver info: org.openqa.selenium.chrome.ChromeDriver
Capabilities {acceptInsecureCerts: false, browserName: chrome, browserVersion: 94.0.4606.71, chrome: {chromedriverVersion: 94.0.4606.61 (418b78f5838ed..., userDataDir: C:\Users\admin\AppData\Loca...}, goog:chromeOptions: {debuggerAddress: localhost:52349}, javascriptEnabled: true, networkConnectionEnabled: false, pageLoadStrategy: normal, platform: WINDOWS, platformName: WINDOWS, proxy: Proxy(), setWindowRect: true, strictFileInteractability: false, timeouts: {implicit: 0, pageLoad: 300000, script: 30000}, unhandledPromptBehavior: dismiss and notify, webauthn:extension:credBlob: true, webauthn:extension:largeBlob: true, webauthn:virtualAuthenticators: true}
Session ID: 9bab737d6ecdb881fd7129aa7b7856b2
	at org.openqa.selenium.support.ui.WebDriverWait.timeoutException(WebDriverWait.java:95)
	at org.openqa.selenium.support.ui.FluentWait.until(FluentWait.java:272)
	at StepDefinition.BuyStepDef.buser_enters(BuyStepDef.java:49)
	at ?.b-User Enters Rishab India Mumbai 123456789 April -122(file:///C:/Users/admin/IdeaProjects/DemoBlaze/src/test/java/Feature/Buy.feature:23)
</pre></div></td>
<td>39</td>
<td>MyRunner.MyRunner@7880cdf3</td></tr>
<tr>
<td title='MyRunner.MyRunner.runScenario()'><b>runScenario</b><br>Test class: MyRunner.MyRunner<br>Test method: Runs Cucumber Scenarios<br>Parameters: "Test Buy Function with invalid data", "Optional[DemoBlaze Buy Function]"</td>
<td><div><pre>java.lang.AssertionError: expected [false] but found [true]
	at StepDefinition.BuyStepDef.bvalidate_unsuccessful_purchase(BuyStepDef.java:85)
	at ?.b-validate unsuccessful purchase(file:///C:/Users/admin/IdeaProjects/DemoBlaze/src/test/java/Feature/Buy.feature:25)
... Removed 4 stack frames</pre></div><a href='#' onClick='toggleBox("stack-trace349757746", this, "Click to show all stack frames", "Click to hide stack frames")'>Click to show all stack frames</a>
<div class='stack-trace' id='stack-trace349757746'><pre>java.lang.AssertionError: expected [false] but found [true]
	at org.testng.Assert.fail(Assert.java:99)
	at org.testng.Assert.failNotEquals(Assert.java:1037)
	at org.testng.Assert.assertFalse(Assert.java:67)
	at org.testng.Assert.assertFalse(Assert.java:77)
	at StepDefinition.BuyStepDef.bvalidate_unsuccessful_purchase(BuyStepDef.java:85)
	at ?.b-validate unsuccessful purchase(file:///C:/Users/admin/IdeaProjects/DemoBlaze/src/test/java/Feature/Buy.feature:25)
</pre></div></td>
<td>41</td>
<td>MyRunner.MyRunner@7880cdf3</td></tr>
<tr>
<td title='MyRunner.MyRunner.runScenario()'><b>runScenario</b><br>Test class: MyRunner.MyRunner<br>Test method: Runs Cucumber Scenarios<br>Parameters: "Test Buy Function with invalid data", "Optional[DemoBlaze Buy Function]"</td>
<td><div><pre>java.lang.AssertionError: expected [false] but found [true]
	at StepDefinition.BuyStepDef.bvalidate_unsuccessful_purchase(BuyStepDef.java:85)
	at ?.b-validate unsuccessful purchase(file:///C:/Users/admin/IdeaProjects/DemoBlaze/src/test/java/Feature/Buy.feature:25)
... Removed 4 stack frames</pre></div><a href='#' onClick='toggleBox("stack-trace771666241", this, "Click to show all stack frames", "Click to hide stack frames")'>Click to show all stack frames</a>
<div class='stack-trace' id='stack-trace771666241'><pre>java.lang.AssertionError: expected [false] but found [true]
	at org.testng.Assert.fail(Assert.java:99)
	at org.testng.Assert.failNotEquals(Assert.java:1037)
	at org.testng.Assert.assertFalse(Assert.java:67)
	at org.testng.Assert.assertFalse(Assert.java:77)
	at StepDefinition.BuyStepDef.bvalidate_unsuccessful_purchase(BuyStepDef.java:85)
	at ?.b-validate unsuccessful purchase(file:///C:/Users/admin/IdeaProjects/DemoBlaze/src/test/java/Feature/Buy.feature:25)
</pre></div></td>
<td>16</td>
<td>MyRunner.MyRunner@7880cdf3</td></tr>
</table><p>
<table width='100%' border='1' class='invocation-passed'>
<tr><td colspan='4' align='center'><b>PASSED TESTS</b></td></tr>
<tr><td><b>Test method</b></td>
<td width="30%"><b>Exception</b></td>
<td width="10%"><b>Time (seconds)</b></td>
<td><b>Instance</b></td>
</tr>
<tr>
<td title='MyRunner.MyRunner.runScenario()'><b>runScenario</b><br>Test class: MyRunner.MyRunner<br>Test method: Runs Cucumber Scenarios<br>Parameters: "Test Registration Functionality", "Optional[DemoBlaze Registration Functionality]"</td>
<td></td>
<td>6</td>
<td>MyRunner.MyRunner@7880cdf3</td></tr>
<tr>
<td title='MyRunner.MyRunner.runScenario()'><b>runScenario</b><br>Test class: MyRunner.MyRunner<br>Test method: Runs Cucumber Scenarios<br>Parameters: "To validate the successfully Navigation to Demo_blaze Login page", "Optional[DemoBlaze Login Functionality]"</td>
<td></td>
<td>35</td>
<td>MyRunner.MyRunner@7880cdf3</td></tr>
<tr>
<td title='MyRunner.MyRunner.runScenario()'><b>runScenario</b><br>Test class: MyRunner.MyRunner<br>Test method: Runs Cucumber Scenarios<br>Parameters: "Test Login Functionality with invalid data.", "Optional[DemoBlaze Login Functionality]"</td>
<td></td>
<td>5</td>
<td>MyRunner.MyRunner@7880cdf3</td></tr>
<tr>
<td title='MyRunner.MyRunner.runScenario()'><b>runScenario</b><br>Test class: MyRunner.MyRunner<br>Test method: Runs Cucumber Scenarios<br>Parameters: "Test Registration Functionality", "Optional[DemoBlaze Registration Functionality]"</td>
<td></td>
<td>5</td>
<td>MyRunner.MyRunner@7880cdf3</td></tr>
<tr>
<td title='MyRunner.MyRunner.runScenario()'><b>runScenario</b><br>Test class: MyRunner.MyRunner<br>Test method: Runs Cucumber Scenarios<br>Parameters: "To validate that user can filter products by LAPTOP category", "Optional[DemoBlaze Search Functionality]"</td>
<td></td>
<td>5</td>
<td>MyRunner.MyRunner@7880cdf3</td></tr>
<tr>
<td title='MyRunner.MyRunner.runScenario()'><b>runScenario</b><br>Test class: MyRunner.MyRunner<br>Test method: Runs Cucumber Scenarios<br>Parameters: "Test Login Functionality with invalid data.", "Optional[DemoBlaze Login Functionality]"</td>
<td></td>
<td>5</td>
<td>MyRunner.MyRunner@7880cdf3</td></tr>
<tr>
<td title='MyRunner.MyRunner.runScenario()'><b>runScenario</b><br>Test class: MyRunner.MyRunner<br>Test method: Runs Cucumber Scenarios<br>Parameters: "Test Login Functionality", "Optional[DemoBlaze Login Functionality]"</td>
<td></td>
<td>8</td>
<td>MyRunner.MyRunner@7880cdf3</td></tr>
<tr>
<td title='MyRunner.MyRunner.runScenario()'><b>runScenario</b><br>Test class: MyRunner.MyRunner<br>Test method: Runs Cucumber Scenarios<br>Parameters: "To validate that add to cart button is functional.", "Optional[DemoBlaze Search Functionality]"</td>
<td></td>
<td>9</td>
<td>MyRunner.MyRunner@7880cdf3</td></tr>
<tr>
<td title='MyRunner.MyRunner.runScenario()'><b>runScenario</b><br>Test class: MyRunner.MyRunner<br>Test method: Runs Cucumber Scenarios<br>Parameters: "To validate the sucessful Navigation to Demo_blaze Signup page", "Optional[DemoBlaze Registration Functionality]"</td>
<td></td>
<td>3</td>
<td>MyRunner.MyRunner@7880cdf3</td></tr>
<tr>
<td title='MyRunner.MyRunner.runScenario()'><b>runScenario</b><br>Test class: MyRunner.MyRunner<br>Test method: Runs Cucumber Scenarios<br>Parameters: "To validate that user can filter products by PHONE category", "Optional[DemoBlaze Search Functionality]"</td>
<td></td>
<td>5</td>
<td>MyRunner.MyRunner@7880cdf3</td></tr>
<tr>
<td title='MyRunner.MyRunner.runScenario()'><b>runScenario</b><br>Test class: MyRunner.MyRunner<br>Test method: Runs Cucumber Scenarios<br>Parameters: "To validate that user can filter products by MONITORS category", "Optional[DemoBlaze Search Functionality]"</td>
<td></td>
<td>9</td>
<td>MyRunner.MyRunner@7880cdf3</td></tr>
</table><p>
</body>
</html>